# JRE version: Java(TM) SE Runtime Environment (9.0+11) (build 9.0.1+11)
# Java VM: Java HotSpot(TM) 64-Bit Server VM (9.0.1+11, mixed mode, tiered, compressed oops, g1 gc, windows-amd64)
Heap:
 garbage-first heap   total 20480K, used 5534K [0x00000000c0400000, 0x00000000c05000a0, 0x0000000100000000)
  region size 1024K, 3 young (3072K), 1 survivors (1024K)
 Metaspace       used 13145K, capacity 13668K, committed 13824K, reserved 1060864K
  class space    used 1414K, capacity 1528K, committed 1536K, reserved 1048576K
GC Heap History (10 events):
Event: 0.368 GC heap before
{Heap before GC invocations=3 (full 0):
 garbage-first heap   total 8192K, used 3315K [0x00000000c0400000, 0x00000000c0500040, 0x0000000100000000)
  region size 1024K, 2 young (2048K), 1 survivors (1024K)
 Metaspace       used 12140K, capacity 12538K, committed 12800K, reserved 1060864K
  class space    used 1327K, capacity 1411K, committed 1536K, reserved 1048576K
}
Event: 0.369 GC heap after
{Heap after GC invocations=4 (full 0):
 garbage-first heap   total 8192K, used 2661K [0x00000000c0400000, 0x00000000c0500040, 0x0000000100000000)
  region size 1024K, 1 young (1024K), 1 survivors (1024K)
 Metaspace       used 12140K, capacity 12538K, committed 12800K, reserved 1060864K
  class space    used 1327K, capacity 1411K, committed 1536K, reserved 1048576K
}
Event: 0.405 GC heap before
{Heap before GC invocations=4 (full 0):
 garbage-first heap   total 8192K, used 3685K [0x00000000c0400000, 0x00000000c0500040, 0x0000000100000000)
  region size 1024K, 2 young (2048K), 1 survivors (1024K)
 Metaspace       used 12537K, capacity 12952K, committed 13056K, reserved 1060864K
  class space    used 1360K, capacity 1458K, committed 1536K, reserved 1048576K
}
Event: 0.407 GC heap after
{Heap after GC invocations=5 (full 0):
 garbage-first heap   total 10240K, used 2907K [0x00000000c0400000, 0x00000000c0500050, 0x0000000100000000)
  region size 1024K, 1 young (1024K), 1 survivors (1024K)
 Metaspace       used 12537K, capacity 12952K, committed 13056K, reserved 1060864K
  class space    used 1360K, capacity 1458K, committed 1536K, reserved 1048576K
}
Event: 0.430 GC heap before
{Heap before GC invocations=5 (full 0):
 garbage-first heap   total 10240K, used 3931K [0x00000000c0400000, 0x00000000c0500050, 0x0000000100000000)
  region size 1024K, 2 young (2048K), 1 survivors (1024K)
 Metaspace       used 12641K, capacity 13026K, committed 13312K, reserved 1060864K
  class space    used 1366K, capacity 1461K, committed 1536K, reserved 1048576K
}
Event: 0.435 GC heap after
{Heap after GC invocations=6 (full 0):
 garbage-first heap   total 10240K, used 3161K [0x00000000c0400000, 0x00000000c0500050, 0x0000000100000000)
  region size 1024K, 1 young (1024K), 1 survivors (1024K)
 Metaspace       used 12641K, capacity 13026K, committed 13312K, reserved 1060864K
  class space    used 1366K, capacity 1461K, committed 1536K, reserved 1048576K
}
Event: 0.473 GC heap before
{Heap before GC invocations=6 (full 0):
 garbage-first heap   total 10240K, used 5209K [0x00000000c0400000, 0x00000000c0500050, 0x0000000100000000)
  region size 1024K, 3 young (3072K), 1 survivors (1024K)
 Metaspace       used 12902K, capacity 13308K, committed 13568K, reserved 1060864K
  class space    used 1397K, capacity 1484K, committed 1536K, reserved 1048576K
}
Event: 0.475 GC heap after
{Heap after GC invocations=7 (full 0):
 garbage-first heap   total 10240K, used 4000K [0x00000000c0400000, 0x00000000c0500050, 0x0000000100000000)
  region size 1024K, 1 young (1024K), 1 survivors (1024K)
 Metaspace       used 12902K, capacity 13308K, committed 13568K, reserved 1060864K
  class space    used 1397K, capacity 1484K, committed 1536K, reserved 1048576K
}
Event: 0.521 GC heap before
{Heap before GC invocations=7 (full 0):
 garbage-first heap   total 10240K, used 6048K [0x00000000c0400000, 0x00000000c0500050, 0x0000000100000000)
  region size 1024K, 3 young (3072K), 1 survivors (1024K)
 Metaspace       used 13082K, capacity 13592K, committed 13824K, reserved 1060864K
  class space    used 1414K, capacity 1528K, committed 1536K, reserved 1048576K
}
Event: 0.535 GC heap after
{Heap after GC invocations=8 (full 0):
 garbage-first heap   total 10240K, used 4324K [0x00000000c0400000, 0x00000000c0500050, 0x0000000100000000)
  region size 1024K, 1 young (1024K), 1 survivors (1024K)
 Metaspace       used 13082K, capacity 13592K, committed 13824K, reserved 1060864K
  class space    used 1414K, capacity 1528K, committed 1536K, reserved 1048576K
}

