# JRE version: Java(TM) SE Runtime Environment (9.0+11) (build 9.0.1+11)
# Java VM: Java HotSpot(TM) 64-Bit Server VM (9.0.1+11, mixed mode, tiered, compressed oops, g1 gc, windows-amd64)
Heap:
 garbage-first heap   total 17408K, used 7123K [0x00000000c0400000, 0x00000000c0500088, 0x0000000100000000)
  region size 1024K, 2 young (2048K), 1 survivors (1024K)
 Metaspace       used 13330K, capacity 13882K, committed 14080K, reserved 1062912K
  class space    used 1432K, capacity 1533K, committed 1536K, reserved 1048576K
GC Heap History (10 events):
Event: 0.518 GC heap before
{Heap before GC invocations=7 (full 0):
 garbage-first heap   total 10240K, used 6076K [0x00000000c0400000, 0x00000000c0500050, 0x0000000100000000)
  region size 1024K, 3 young (3072K), 1 survivors (1024K)
 Metaspace       used 13072K, capacity 13588K, committed 13824K, reserved 1060864K
  class space    used 1414K, capacity 1528K, committed 1536K, reserved 1048576K
}
Event: 0.521 GC heap after
{Heap after GC invocations=8 (full 0):
 garbage-first heap   total 10240K, used 4451K [0x00000000c0400000, 0x00000000c0500050, 0x0000000100000000)
  region size 1024K, 1 young (1024K), 1 survivors (1024K)
 Metaspace       used 13072K, capacity 13588K, committed 13824K, reserved 1060864K
  class space    used 1414K, capacity 1528K, committed 1536K, reserved 1048576K
}
Event: 0.528 GC heap before
{Heap before GC invocations=8 (full 0):
 garbage-first heap   total 10240K, used 5475K [0x00000000c0400000, 0x00000000c0500050, 0x0000000100000000)
  region size 1024K, 2 young (2048K), 1 survivors (1024K)
 Metaspace       used 13084K, capacity 13596K, committed 13824K, reserved 1060864K
  class space    used 1414K, capacity 1528K, committed 1536K, reserved 1048576K
}
Event: 0.530 GC heap after
{Heap after GC invocations=9 (full 0):
 garbage-first heap   total 13312K, used 4581K [0x00000000c0400000, 0x00000000c0500068, 0x0000000100000000)
  region size 1024K, 1 young (1024K), 1 survivors (1024K)
 Metaspace       used 13084K, capacity 13596K, committed 13824K, reserved 1060864K
  class space    used 1414K, capacity 1528K, committed 1536K, reserved 1048576K
}
Event: 0.558 GC heap before
{Heap before GC invocations=9 (full 0):
 garbage-first heap   total 13312K, used 6629K [0x00000000c0400000, 0x00000000c0500068, 0x0000000100000000)
  region size 1024K, 3 young (3072K), 1 survivors (1024K)
 Metaspace       used 13283K, capacity 13818K, committed 13824K, reserved 1060864K
  class space    used 1432K, capacity 1533K, committed 1536K, reserved 1048576K
}
Event: 0.559 GC heap after
{Heap after GC invocations=10 (full 0):
 garbage-first heap   total 13312K, used 4761K [0x00000000c0400000, 0x00000000c0500068, 0x0000000100000000)
  region size 1024K, 1 young (1024K), 1 survivors (1024K)
 Metaspace       used 13283K, capacity 13818K, committed 13824K, reserved 1060864K
  class space    used 1432K, capacity 1533K, committed 1536K, reserved 1048576K
}
Event: 0.595 GC heap before
{Heap before GC invocations=10 (full 0):
 garbage-first heap   total 13312K, used 6809K [0x00000000c0400000, 0x00000000c0500068, 0x0000000100000000)
  region size 1024K, 3 young (3072K), 1 survivors (1024K)
 Metaspace       used 13302K, capacity 13818K, committed 13824K, reserved 1060864K
  class space    used 1432K, capacity 1533K, committed 1536K, reserved 1048576K
}
Event: 0.596 GC heap after
{Heap after GC invocations=11 (full 0):
 garbage-first heap   total 13312K, used 4950K [0x00000000c0400000, 0x00000000c0500068, 0x0000000100000000)
  region size 1024K, 1 young (1024K), 1 survivors (1024K)
 Metaspace       used 13302K, capacity 13818K, committed 13824K, reserved 1060864K
  class space    used 1432K, capacity 1533K, committed 1536K, reserved 1048576K
}
Event: 0.608 GC heap before
{Heap before GC invocations=11 (full 0):
 garbage-first heap   total 13312K, used 6998K [0x00000000c0400000, 0x00000000c0500068, 0x0000000100000000)
  region size 1024K, 3 young (3072K), 1 survivors (1024K)
 Metaspace       used 13305K, capacity 13818K, committed 13824K, reserved 1060864K
  class space    used 1432K, capacity 1533K, committed 1536K, reserved 1048576K
}
Event: 0.610 GC heap after
{Heap after GC invocations=12 (full 0):
 garbage-first heap   total 13312K, used 5282K [0x00000000c0400000, 0x00000000c0500068, 0x0000000100000000)
  region size 1024K, 1 young (1024K), 1 survivors (1024K)
 Metaspace       used 13305K, capacity 13818K, committed 13824K, reserved 1060864K
  class space    used 1432K, capacity 1533K, committed 1536K, reserved 1048576K
}

